<?xml version="1.0" encoding="UTF-8"?>
<!-- Generated by org.testng.reporters.JUnitXMLReporter -->
<testsuite hostname="HMECL001578" name="Default test" tests="6" failures="0" timestamp="25 Mar 2019 08:32:52 GMT" time="1.997" errors="0">
  <testcase name="@BeforeClass launchUrl" time="0.0" classname="net.fns.tcs.fns_sanity_suite">
    <failure type="org.openqa.selenium.NoSuchSessionException" message="no such session
  (Driver info: chromedriver=2.25.426923 (0390b88869384d6eb0d5d09729679f934aab9eed),platform=Windows NT 10.0.15063 x86_64) (WARNING: The server did not provide any stacktrace information)
Command duration or timeout: 15 milliseconds
Build info: version: &amp;apos;3.0.1&amp;apos;, revision: &amp;apos;1969d75&amp;apos;, time: &amp;apos;2016-10-18 09:49:13 -0700&amp;apos;
System info: host: &amp;apos;HMECL001578&amp;apos;, ip: &amp;apos;192.168.43.120&amp;apos;, os.name: &amp;apos;Windows 10&amp;apos;, os.arch: &amp;apos;amd64&amp;apos;, os.version: &amp;apos;10.0&amp;apos;, java.version: &amp;apos;1.8.0_65&amp;apos;
Driver info: org.openqa.selenium.chrome.ChromeDriver
Capabilities [{message=unknown error: unrecognized Chrome version: HeadlessChrome/73.0.3683.86
  (Driver info: chromedriver=2.25.426923 (0390b88869384d6eb0d5d09729679f934aab9eed),platform=Windows NT 10.0.15063 x86_64), platform=ANY}]
Session ID: 3b4a91dc13201b6002acc877131f049d">
      <![CDATA[org.openqa.selenium.NoSuchSessionException: no such session
  (Driver info: chromedriver=2.25.426923 (0390b88869384d6eb0d5d09729679f934aab9eed),platform=Windows NT 10.0.15063 x86_64) (WARNING: The server did not provide any stacktrace information)
Command duration or timeout: 15 milliseconds
Build info: version: '3.0.1', revision: '1969d75', time: '2016-10-18 09:49:13 -0700'
System info: host: 'HMECL001578', ip: '192.168.43.120', os.name: 'Windows 10', os.arch: 'amd64', os.version: '10.0', java.version: '1.8.0_65'
Driver info: org.openqa.selenium.chrome.ChromeDriver
Capabilities [{message=unknown error: unrecognized Chrome version: HeadlessChrome/73.0.3683.86
  (Driver info: chromedriver=2.25.426923 (0390b88869384d6eb0d5d09729679f934aab9eed),platform=Windows NT 10.0.15063 x86_64), platform=ANY}]
Session ID: 3b4a91dc13201b6002acc877131f049d
	at org.openqa.selenium.remote.ErrorHandler.createThrowable(ErrorHandler.java:216)
	at org.openqa.selenium.remote.ErrorHandler.throwIfResponseFailed(ErrorHandler.java:168)
	at org.openqa.selenium.remote.RemoteWebDriver.execute(RemoteWebDriver.java:635)
	at org.openqa.selenium.remote.RemoteWebDriver.execute(RemoteWebDriver.java:658)
	at org.openqa.selenium.remote.RemoteWebDriver$RemoteWebDriverOptions$RemoteWindow.maximize(RemoteWebDriver.java:882)
	at utility1.Utils.launchUrl(Utils.java:432)
... Removed 29 stack frames]]>
    </failure>
  </testcase> <!-- @BeforeClass launchUrl -->
  <testcase name="@BeforeMethod softAssert" time="0.0" classname="net.fns.tcs.fns_sanity_suite">
    <skipped/>
  </testcase> <!-- @BeforeMethod softAssert -->
  <testcase name="@BeforeMethod softAssert" time="0.0" classname="net.fns.tcs.fns_sanity_suite">
    <skipped/>
  </testcase> <!-- @BeforeMethod softAssert -->
  <testcase name="@BeforeMethod softAssert" time="0.0" classname="net.fns.tcs.fns_sanity_suite">
    <skipped/>
  </testcase> <!-- @BeforeMethod softAssert -->
  <testcase name="@BeforeMethod softAssert" time="0.0" classname="net.fns.tcs.fns_sanity_suite">
    <skipped/>
  </testcase> <!-- @BeforeMethod softAssert -->
  <testcase name="@BeforeMethod softAssert" time="0.0" classname="net.fns.tcs.fns_sanity_suite">
    <skipped/>
  </testcase> <!-- @BeforeMethod softAssert -->
  <testcase name="@BeforeMethod softAssert" time="0.006" classname="net.fns.tcs.fns_sanity_suite">
    <skipped/>
  </testcase> <!-- @BeforeMethod softAssert -->
  <testcase name="@AfterClass destroy" time="0.0" classname="net.fns.tcs.fns_sanity_suite">
    <skipped/>
  </testcase> <!-- @AfterClass destroy -->
  <testcase name="login" time="0.002" classname="net.fns.tcs.fns_sanity_suite">
    <skipped/>
  </testcase> <!-- login -->
  <testcase name="KEresposnecheck" time="0.002" classname="net.fns.tcs.fns_sanity_suite">
    <skipped/>
  </testcase> <!-- KEresposnecheck -->
  <testcase name="Augsearchsposnecheck" time="0.002" classname="net.fns.tcs.fns_sanity_suite">
    <skipped/>
  </testcase> <!-- Augsearchsposnecheck -->
  <testcase name="PDFdownloadnResearchload" time="0.004" classname="net.fns.tcs.fns_sanity_suite">
    <skipped/>
  </testcase> <!-- PDFdownloadnResearchload -->
  <testcase name="Vaultposnecheck" time="0.001" classname="net.fns.tcs.fns_sanity_suite">
    <skipped/>
  </testcase> <!-- Vaultposnecheck -->
  <testcase name="sendemail" time="0.001" classname="net.fns.tcs.fns_sanity_suite">
    <skipped/>
  </testcase> <!-- sendemail -->
</testsuite> <!-- Default test -->
